2025-02-18 08:34:44,682 - INFO - Session: session_eup9wuqfi
2025-02-18 08:34:44,683 - INFO - User: How you doin?
2025-02-18 08:34:44,684 - INFO - Assistant: Please ask questions related to loans and banking services.
2025-02-18 08:34:44,685 - INFO - --------------------------------------------------
2025-02-18 08:34:59,698 - INFO - Session: session_eup9wuqfi
2025-02-18 08:34:59,698 - INFO - User: Tell me about the MSME Loan policy
2025-02-18 08:34:59,698 - INFO - Assistant: I can provide information about MSME loans. MSME stands for Micro, Small, and Medium Enterprises. These loans are designed to support businesses in this sector with their financial needs. The eligibility criteria, loan amount, interest rates, and repayment terms may vary depending on the bank or financial institution offering the loan. If you have specific questions about MSME loans, feel free to ask!
2025-02-18 08:34:59,702 - INFO - --------------------------------------------------
2025-02-18 21:42:46,702 - INFO - Session: 1739895158644
2025-02-18 21:42:46,703 - INFO - User: How are you?
2025-02-18 21:42:46,703 - INFO - Assistant: Please ask questions related to loans and banking services.
2025-02-18 21:42:46,704 - INFO - --------------------------------------------------
2025-02-18 21:42:58,989 - INFO - Session: 1739895158644
2025-02-18 21:42:58,994 - INFO - User: ok
2025-02-18 21:42:58,994 - INFO - Assistant: Please ask questions related to loans and banking services.
2025-02-18 21:42:58,994 - INFO - --------------------------------------------------
2025-02-18 21:44:32,699 - INFO - Session: 1739895268363
2025-02-18 21:44:32,701 - INFO - User: How are you?
2025-02-18 21:44:32,702 - INFO - Assistant: Please ask questions related to loans and banking services.
2025-02-18 21:44:32,704 - INFO - --------------------------------------------------
2025-02-18 21:44:34,655 - INFO - Session: 1739895268363
2025-02-18 21:44:34,657 - INFO - User: I am fine
2025-02-18 21:44:34,658 - INFO - Assistant: Please ask questions related to loans and banking services.
2025-02-18 21:44:34,659 - INFO - --------------------------------------------------
2025-02-18 21:44:45,069 - INFO - Session: 1739895268363
2025-02-18 21:44:45,070 - INFO - User: Tell me about channel finance
2025-02-18 21:44:45,071 - INFO - Assistant: Channel finance refers to a financing solution that helps companies manage their working capital requirements by providing funding to the various participants in their supply chain or distribution network. This type of financing is often used to optimize cash flow, improve operational efficiency, and strengthen relationships with suppliers and distributors.

Channel finance can take different forms, such as supply chain financing, distributor financing, dealer financing, or vendor financing. The financing can be provided by financial institutions, such as banks or fintech companies, and is typically based on the creditworthiness of the buyer or anchor company in the supply chain.

Overall, channel finance helps to streamline transactions, reduce financial risk, and improve liquidity for all parties involved in the supply chain. It can be a valuable tool for companies looking to enhance their working capital management and support the growth of their business.
2025-02-18 21:44:45,077 - INFO - --------------------------------------------------
2025-02-18 21:45:06,687 - INFO - Session: 1739895268363
2025-02-18 21:45:06,687 - INFO - User: How do I apply for a channel finance loan with your bank
2025-02-18 21:45:06,687 - INFO - Assistant: To apply for a channel finance loan with our bank, you will typically need to follow these steps:

1. Contact our bank: Reach out to our bank's channel finance department or business banking team to express your interest in applying for a channel finance loan. They will provide you with the necessary information and guidance on how to proceed.

2. Submit application and documentation: Complete the loan application form provided by our bank and submit it along with the required documentation. The documentation may include financial statements, business registration documents, credit history, and information about your supply chain or distribution network.

3. Credit assessment: Our bank will conduct a credit assessment to evaluate your eligibility for the channel finance loan. This assessment may include a review of your financial stability, creditworthiness, and the creditworthiness of your buyers or anchor company in the supply chain.

4. Approval and terms: If your application is approved, our bank will provide you with the loan terms, including the loan amount, interest rate, repayment schedule, and any other conditions associated with the loan.

5. Disbursement of funds: Once you accept the loan terms, our bank will disburse the funds to the relevant participants in your supply chain or distribution network as per the agreed-upon financing arrangement.

It's important to note that the specific requirements and process for applying for a channel finance loan may vary depending on the bank and the type of financing solution you are seeking. I recommend contacting our bank directly for more detailed information and personalized assistance with your loan application.
2025-02-18 21:45:06,699 - INFO - --------------------------------------------------
2025-02-18 21:56:41,048 - INFO - Session: 1739895995548
2025-02-18 21:56:41,049 - INFO - User: How are you?
2025-02-18 21:56:41,050 - INFO - Assistant: Please ask questions related to loans and banking services.
2025-02-18 21:56:41,051 - INFO - --------------------------------------------------
2025-02-18 21:56:51,127 - INFO - Session: 1739895995548
2025-02-18 21:56:51,128 - INFO - User: Tell me about auto loan
2025-02-18 21:56:51,129 - INFO - Assistant: An auto loan is a type of loan specifically designed for purchasing a vehicle, such as a car, truck, or motorcycle. When you take out an auto loan, the lender provides you with the funds necessary to purchase the vehicle, and you agree to repay the loan amount plus interest over a set period of time.

Auto loans typically have fixed interest rates and monthly payments, making them a predictable and manageable way to finance a vehicle purchase. The interest rate on an auto loan is determined by various factors, including your credit score, the loan amount, the term of the loan, and the lender's policies.

It's important to shop around and compare auto loan offers from different lenders to find the best terms and interest rates that fit your budget. Additionally, consider factors such as the loan term, down payment requirements, and any fees associated with the loan before making a decision.

If you have any specific questions about auto loans or need assistance with applying for one, feel free to ask!
2025-02-18 21:56:51,135 - INFO - --------------------------------------------------
2025-02-18 23:18:55,393 - INFO - Session: 1739900917491
2025-02-18 23:18:55,428 - INFO - User: How do I apply for a CF loan
2025-02-18 23:18:55,428 - INFO - Assistant: Hi there! As a dealer, you play a critical role in the supply chain, and we understand that managing cash flow while keeping up with inventory demands can be challenging. That’s where Channel Finance comes in—a tailored financial solution designed to help you grow your business while maintaining a strong relationship with your anchor company.

To apply for a Channel Finance loan, you'll need to follow a few simple steps:

1. **Gather Your Business Information**: Make sure you have your business details ready, including your business name, PAN (Permanent Account Number), and GST (Goods and Services Tax) number.

2. **Prepare Financial Documents**: You will need to provide audited financial statements, bank statements, and any other relevant financial documents to support your loan application.

3. **Anchor Details**: Have information about your anchor company, such as supply agreements, purchase history, and any other relevant details that can help strengthen your application.

4. **Inventory Details**: Provide information about your inventory, including details about the products you sell, their turnover rate, and any other relevant information.

5. **KYC Documents**: Make sure you have all the necessary Know Your Customer (KYC) documents ready, such as identity proof, address proof, and any other documents required by the bank.

Once you have all the necessary documents and information ready, you can approach your bank or the anchor company's preferred banking partner to submit your application. The bank will then conduct a credit assessment based on your financials and anchor relationship to determine the sanction limit for your Channel Finance loan.

If your application is approved, you will need to sign a tripartite agreement involving your business, the bank, and the anchor company. This agreement outlines the terms and conditions of the Channel Finance facility.

Once the limit is sanctioned, you can start utilizing it to meet your working capital needs, take advantage of bulk purchase discounts, manage seasonal demand fluctuations, fund new product launches, or expand your business operations.

Channel Finance is more than just a loan—it’s a partnership that supports your growth and strengthens your business. If you’re ready to take the next step, reach out to your bank or the anchor’s preferred banking partner today. Let’s unlock your business’s full potential together!
2025-02-18 23:18:55,444 - INFO - --------------------------------------------------
2025-02-18 23:19:14,067 - INFO - Session: 1739900917491
2025-02-18 23:19:14,068 - INFO - User: What all documents are needed?
2025-02-18 23:19:14,069 - INFO - Assistant: Please ask questions related to loans and banking services.
2025-02-18 23:19:14,070 - INFO - --------------------------------------------------
2025-02-18 23:19:30,171 - INFO - Session: 1739900917491
2025-02-18 23:19:30,171 - INFO - User: What all documents are needed for a CF loan
2025-02-18 23:19:30,171 - INFO - Assistant: To apply for a Channel Finance (CF) loan, you will typically need to provide the following documents:

1. **Business Information**:
   - Business name
   - PAN (Permanent Account Number)
   - GST (Goods and Services Tax) number

2. **Financial Documents**:
   - Audited financial statements for the past few years
   - Bank statements for the past few months
   - Any other relevant financial documents that demonstrate your business's financial health

3. **Anchor Details**:
   - Supply agreements with the anchor company
   - Purchase history with the anchor company
   - Any other relevant details that showcase your relationship with the anchor company

4. **Inventory Details**:
   - Information about the products you sell
   - Turnover rate of your inventory
   - Any other relevant inventory details that can help assess your working capital needs

5. **KYC Documents**:
   - Identity proof (such as Aadhaar card, passport, or driver's license)
   - Address proof (such as utility bills or rental agreement)
   - Any other KYC documents required by the bank

These documents will help the bank assess your creditworthiness and determine the sanction limit for your Channel Finance loan. Make sure to have all the necessary documents in order to expedite the application process and increase the chances of approval.

If you have any specific questions or need further assistance with the application process, feel free to reach out to your bank or the anchor company's preferred banking partner. They will be able to guide you through the application process and provide any additional information you may need.
2025-02-18 23:19:30,201 - INFO - --------------------------------------------------
2025-02-18 23:22:24,755 - INFO - Session: 1739901132820
2025-02-18 23:22:24,757 - INFO - User: How is elon musk doiing?
2025-02-18 23:22:24,758 - INFO - Assistant: Please ask questions related to loans and banking services.
2025-02-18 23:22:24,759 - INFO - --------------------------------------------------
2025-02-18 23:22:43,930 - INFO - Session: 1739901132820
2025-02-18 23:22:43,930 - INFO - User: How is Yes Bank Channel Finance product?
2025-02-18 23:22:43,930 - INFO - Assistant: Hello,

I'd be happy to provide you with information on Channel Finance, specifically in the context of Yes Bank. 

Channel Finance, also known as Dealer Finance or Supply Chain Finance, is a valuable financial tool that can benefit dealers of anchor companies in various ways. Yes Bank offers Channel Finance solutions designed to help dealers optimize their working capital and strengthen their relationships with anchor companies.

Here are some key benefits of Yes Bank's Channel Finance product:

1. Improved Cash Flow: Channel Finance allows dealers to access funds quickly, improving their cash flow and enabling them to meet their operational expenses efficiently.

2. Competitive Advantage: By leveraging Channel Finance, dealers can negotiate better terms with suppliers, take advantage of early payment discounts, and enhance their competitiveness in the market.

3. Reduced Financial Burden: Channel Finance provides low-cost financing options, reducing the financial burden on dealers and helping them manage their working capital effectively.

4. Strengthened Anchor Relationships: By offering Channel Finance to dealers, anchor companies demonstrate their commitment to supporting their supply chain partners, fostering stronger relationships and collaboration.

5. Flexible Repayment: Yes Bank's Channel Finance solutions offer flexibility in repayment terms, allowing dealers to align their payment schedules with their cash flow cycles.

In order to avail of Yes Bank's Channel Finance product, dealers will need to provide the following details:

- Business information: Name, PAN (Permanent Account Number), GST (Goods and Services Tax) details
- Financial statements: Audited financial statements, bank statements
- Anchor details: Supply agreements, purchase history with the anchor company
- Inventory details
- KYC documents

The application process for Channel Finance typically involves the following steps:

1. Approach Yes Bank or the anchor company's preferred banking partner to express interest in Channel Finance.
2. Submit the required documents for credit assessment.
3. Upon approval, a sanction limit will be granted to the dealer.
4. Sign a tripartite agreement between the dealer, anchor company, and Yes Bank.
5. Utilize the sanctioned limit to finance purchases and improve working capital management.

I encourage dealers interested in Yes Bank's Channel Finance product to reach out to their relationship manager at Yes Bank or the anchor company's designated banking partner for further information and assistance in applying for this beneficial financing solution.

If you have any more questions or require additional details, please feel free to ask.
2025-02-18 23:22:43,969 - INFO - --------------------------------------------------
2025-02-18 23:26:17,052 - INFO - Session: 1739901355090
2025-02-18 23:26:17,061 - INFO - User: Tell me about Yes Bank's Channel Finance product?
2025-02-18 23:26:17,061 - INFO - Assistant: Yes Bank's Channel Finance product is a tailored financing solution designed to meet the working capital needs of dealers of anchor companies. It provides dealers with access to low-cost financing, quick disbursement, and scalability without the need for collateral. 

Key benefits of Yes Bank's Channel Finance product include:
1. Low-cost financing: Dealers can avail financing at competitive interest rates, helping them manage their cash flow effectively.
2. Quick disbursement: Funds are disbursed quickly, enabling dealers to meet their operational expenses and grow their business without delays.
3. No collateral: Channel Finance does not require any collateral, making it easier for dealers to access the funds they need.
4. Scalability: The financing limit can be increased as per the dealer's business requirements, allowing for flexibility and growth opportunities.

To apply for Yes Bank's Channel Finance product, dealers will need to provide details such as business information (name, PAN, GST), financial documents (audited statements, bank statements), anchor details (supply agreements, purchase history), inventory details, and KYC documents. 

The application process involves approaching the bank, submitting the application along with the required documents, undergoing credit assessment, receiving the sanctioned limit, signing a tripartite agreement between the bank, dealer, and anchor company, and finally utilizing the sanctioned limit for business operations. 

Overall, Yes Bank's Channel Finance product offers a comprehensive financing solution for dealers looking to optimize their working capital requirements and drive business growth.
2025-02-18 23:26:17,080 - INFO - --------------------------------------------------
2025-02-18 23:26:32,436 - INFO - Session: 1739901355090
2025-02-18 23:26:32,437 - INFO - User: Do I really need a PAN card to apply? What if I don't have a pan card?
2025-02-18 23:26:32,439 - INFO - Assistant: Please ask questions related to loans and banking services.
2025-02-18 23:26:32,440 - INFO - --------------------------------------------------
2025-02-18 23:27:50,700 - INFO - Session: 1739901459134
2025-02-18 23:27:50,701 - INFO - User: Tell me about AUto Loan
2025-02-18 23:27:50,702 - INFO - Assistant: Certainly! An auto loan is a type of financing that allows individuals to purchase a vehicle by borrowing money from a lender, typically a bank or a financial institution. The borrower agrees to repay the loan amount, along with interest, over a specified period of time. The vehicle itself serves as collateral for the loan, which means that the lender has the right to repossess the vehicle if the borrower fails to make the required payments.

Auto loans can be used to finance the purchase of new or used vehicles, and the terms of the loan, including the interest rate, repayment period, and monthly payments, can vary depending on the lender and the borrower's credit history. It's important to shop around and compare offers from different lenders to find the best deal for your specific financial situation.

If you have any specific questions about auto loans or if you would like more information, please feel free to ask!
2025-02-18 23:27:50,707 - INFO - --------------------------------------------------
2025-02-18 23:28:09,234 - INFO - Session: 1739901459134
2025-02-18 23:28:09,243 - INFO - User: Tell me about channel Finance
2025-02-18 23:28:09,245 - INFO - Assistant: Channel Finance, also known as Dealer Finance or Supply Chain Finance, is a financing solution that helps facilitate the smooth flow of goods and services through a supply chain. In the context of channel finance, a "channel" refers to the network of distributors, dealers, suppliers, and other partners involved in bringing a product or service to market.

Channel finance typically involves a financial institution, such as a bank, providing financing to the suppliers or dealers within a supply chain. This financing can take the form of loans, lines of credit, or other financial products that help improve cash flow and working capital for the participants in the supply chain.

One common example of channel finance is when a manufacturer offers financing to its dealers or distributors to help them purchase inventory. This can help the dealers manage their working capital more effectively and ensure that they have the inventory they need to meet customer demand.

Channel finance can benefit all parties involved in the supply chain by improving liquidity, reducing financial risk, and enhancing relationships between partners. If you have any specific questions about channel finance or how it can benefit your business, please feel free to ask!
2025-02-18 23:28:09,255 - INFO - --------------------------------------------------
2025-02-18 23:28:21,572 - INFO - Session: 1739901459134
2025-02-18 23:28:21,572 - INFO - User: What do I need to apply for such a loan?
2025-02-18 23:28:21,578 - INFO - Assistant: When applying for a channel finance loan, there are several key documents and information that you will typically need to provide to the lender. These may include:

1. Business Information: You will need to provide basic information about your business, such as its legal name, address, contact information, and tax identification number.

2. Financial Statements: Lenders may require financial statements, such as income statements, balance sheets, and cash flow statements, to assess your business's financial health and ability to repay the loan.

3. Bank Statements: You may be asked to provide recent bank statements to demonstrate your business's cash flow and financial stability.

4. Business Plan: Some lenders may request a business plan outlining your company's operations, market analysis, financial projections, and how you plan to use the loan funds.

5. Purchase Orders or Invoices: If you are seeking financing for specific inventory or purchases, you may need to provide purchase orders or invoices to support your loan application.

6. Personal Guarantees: Depending on the lender and the amount of the loan, you may be required to provide personal guarantees or collateral to secure the financing.

7. Credit History: Lenders will typically review your personal and business credit history to assess your creditworthiness and ability to repay the loan.

Each lender may have specific requirements for channel finance loans, so it's important to check with the lender or financial institution you are working with to understand their specific application process and documentation requirements.

If you have any further questions or need more information about applying for a channel finance loan, please feel free to ask!
2025-02-18 23:28:21,596 - INFO - --------------------------------------------------
2025-02-18 23:28:27,722 - INFO - Session: 1739901459134
2025-02-18 23:28:27,723 - INFO - User: Why should I apply for it?
2025-02-18 23:28:27,724 - INFO - Assistant: Please ask questions related to loans and banking services.
2025-02-18 23:28:27,725 - INFO - --------------------------------------------------
2025-02-18 23:28:57,673 - INFO - Session: 1739901459134
2025-02-18 23:28:57,686 - INFO - User: Why should I apply for CF and not normal working capital loan
2025-02-18 23:28:57,687 - INFO - Assistant: Applying for Channel Finance (CF) instead of a normal working capital loan can offer several advantages for dealers of anchor companies in certain situations:

1. Lower Cost of Financing: Channel Finance programs are often structured to provide financing at competitive interest rates, which may be lower than traditional working capital loans. This can help dealers reduce their financing costs and improve their profitability.

2. Extended Payment Terms: Channel Finance allows dealers to extend their payment terms with the anchor company, providing more flexibility in managing their cash flow and working capital. This can help dealers optimize their inventory levels and meet customer demand more effectively.

3. Enhanced Supply Chain Relationships: By participating in a Channel Finance program, dealers can strengthen their relationships with the anchor company and other partners in the supply chain. This collaboration can lead to improved efficiencies, better communication, and mutual growth opportunities.

4. Access to Financing Without Collateral: In some cases, Channel Finance programs may not require dealers to provide additional collateral to secure the financing, as the underlying transactions and relationships within the supply chain serve as the basis for the financing.

5. Streamlined Application and Approval Process: Channel Finance programs are often designed to streamline the application and approval process, making it easier and faster for dealers to access the financing they need to support their business operations.

Overall, Channel Finance can be a strategic financing solution for dealers looking to optimize their working capital, improve their cash flow, and strengthen their supply chain relationships. However, it's important to carefully evaluate the terms and conditions of the Channel Finance program to ensure that it aligns with your business needs and objectives.

If you have any further questions or would like more information on why you should consider Channel Finance over a normal working capital loan, please feel free to ask!
2025-02-18 23:28:57,706 - INFO - --------------------------------------------------
